c:\users\enassre\source\repos\mastermind\mastermindproj\mastermindproj\debug\vc141.pdb
c:\users\enassre\source\repos\mastermind\mastermindproj\mastermindproj\debug\vc141.idb
c:\users\enassre\source\repos\mastermind\mastermindproj\mastermindproj\debug\colorview.obj
c:\users\enassre\source\repos\mastermind\mastermindproj\mastermindproj\debug\secretcombination.obj
c:\users\enassre\source\repos\mastermind\mastermindproj\mastermindproj\debug\resultcolor.obj
c:\users\enassre\source\repos\mastermind\mastermindproj\mastermindproj\debug\color.obj
c:\users\enassre\source\repos\mastermind\mastermindproj\mastermindproj\debug\logic.obj
c:\users\enassre\source\repos\mastermind\mastermindproj\mastermindproj\debug\localboardcontroller.obj
c:\users\enassre\source\repos\mastermind\mastermindproj\mastermindproj\debug\controller.obj
c:\users\enassre\source\repos\mastermind\mastermindproj\mastermindproj\debug\startgamecommand.obj
c:\users\enassre\source\repos\mastermind\mastermindproj\mastermindproj\debug\loadgamecommand.obj
c:\users\enassre\source\repos\mastermind\mastermindproj\mastermindproj\debug\exitcommand.obj
c:\users\enassre\source\repos\mastermind\mastermindproj\mastermindproj\debug\localstartcontroller.obj
c:\users\enassre\source\repos\mastermind\mastermindproj\mastermindproj\debug\localoperationcontroller.obj
c:\users\enassre\source\repos\mastermind\mastermindproj\mastermindproj\debug\mastermind.obj
c:\users\enassre\source\repos\mastermind\mastermindproj\mastermindproj\debug\mastermindview.obj
c:\users\enassre\source\repos\mastermind\mastermindproj\mastermindproj\debug\boardview.obj
c:\users\enassre\source\repos\mastermind\mastermindproj\mastermindproj\debug\closeinterval.obj
c:\users\enassre\source\repos\mastermind\mastermindproj\mastermindproj\debug\round.obj
c:\users\enassre\source\repos\mastermind\mastermindproj\mastermindproj\debug\result.obj
c:\users\enassre\source\repos\mastermind\mastermindproj\mastermindproj\debug\combination.obj
c:\users\enassre\source\repos\mastermind\mastermindproj\mastermindproj\debug\combinationcolor.obj
c:\users\enassre\source\repos\mastermind\mastermindproj\mastermindproj\debug\main.obj
c:\users\enassre\source\repos\mastermind\mastermindproj\mastermindproj\debug\localroundcontroller.obj
c:\users\enassre\source\repos\mastermind\mastermindproj\mastermindproj\debug\localmenucontroller.obj
c:\users\enassre\source\repos\mastermind\mastermindproj\mastermindproj\debug\startview.obj
c:\users\enassre\source\repos\mastermind\mastermindproj\mastermindproj\debug\roundview.obj
c:\users\enassre\source\repos\mastermind\mastermindproj\mastermindproj\debug\menu.obj
c:\users\enassre\source\repos\mastermind\mastermindproj\mastermindproj\debug\initialmenu.obj
c:\users\enassre\source\repos\mastermind\mastermindproj\mastermindproj\debug\menuview.obj
c:\users\enassre\source\repos\mastermind\mastermindproj\mastermindproj\debug\controllergamestate.obj
c:\users\enassre\source\repos\mastermind\mastermindproj\mastermindproj\debug\ingameview.obj
c:\users\enassre\source\repos\mastermind\mastermindproj\debug\mastermindproj.exe
c:\users\enassre\source\repos\mastermind\mastermindproj\debug\mastermindproj.ilk
c:\users\enassre\source\repos\mastermind\mastermindproj\debug\mastermindproj.pdb
c:\users\enassre\source\repos\mastermind\mastermindproj\mastermindproj\debug\mastermindproj.tlog\cl.command.1.tlog
c:\users\enassre\source\repos\mastermind\mastermindproj\mastermindproj\debug\mastermindproj.tlog\cl.read.1.tlog
c:\users\enassre\source\repos\mastermind\mastermindproj\mastermindproj\debug\mastermindproj.tlog\cl.write.1.tlog
c:\users\enassre\source\repos\mastermind\mastermindproj\mastermindproj\debug\mastermindproj.tlog\link.command.1.tlog
c:\users\enassre\source\repos\mastermind\mastermindproj\mastermindproj\debug\mastermindproj.tlog\link.read.1.tlog
c:\users\enassre\source\repos\mastermind\mastermindproj\mastermindproj\debug\mastermindproj.tlog\link.write.1.tlog
