c:\users\sergio\source\repos\mastermind\mastermindproj\mastermindproj\x64\debug\vc141.pdb
c:\users\sergio\source\repos\mastermind\mastermindproj\mastermindproj\x64\debug\vc141.idb
c:\users\sergio\source\repos\mastermind\mastermindproj\mastermindproj\x64\debug\boardview.obj
c:\users\sergio\source\repos\mastermind\mastermindproj\mastermindproj\x64\debug\closeinterval.obj
c:\users\sergio\source\repos\mastermind\mastermindproj\mastermindproj\x64\debug\mastermind.obj
c:\users\sergio\source\repos\mastermind\mastermindproj\mastermindproj\x64\debug\secretcombination.obj
c:\users\sergio\source\repos\mastermind\mastermindproj\mastermindproj\x64\debug\result.obj
c:\users\sergio\source\repos\mastermind\mastermindproj\mastermindproj\x64\debug\combination.obj
c:\users\sergio\source\repos\mastermind\mastermindproj\mastermindproj\x64\debug\resultcolor.obj
c:\users\sergio\source\repos\mastermind\mastermindproj\mastermindproj\x64\debug\combinationcolor.obj
c:\users\sergio\source\repos\mastermind\mastermindproj\mastermindproj\x64\debug\color.obj
c:\users\sergio\source\repos\mastermind\mastermindproj\mastermindproj\x64\debug\main.obj
c:\users\sergio\source\repos\mastermind\mastermindproj\mastermindproj\x64\debug\controllergamestate.obj
c:\users\sergio\source\repos\mastermind\mastermindproj\mastermindproj\x64\debug\localstartcontroller.obj
c:\users\sergio\source\repos\mastermind\mastermindproj\mastermindproj\x64\debug\localroundcontroller.obj
c:\users\sergio\source\repos\mastermind\mastermindproj\mastermindproj\x64\debug\localoperationcontroller.obj
c:\users\sergio\source\repos\mastermind\mastermindproj\mastermindproj\x64\debug\localboardcontroller.obj
c:\users\sergio\source\repos\mastermind\mastermindproj\mastermindproj\x64\debug\controller.obj
c:\users\sergio\source\repos\mastermind\mastermindproj\mastermindproj\x64\debug\startview.obj
c:\users\sergio\source\repos\mastermind\mastermindproj\mastermindproj\x64\debug\roundview.obj
c:\users\sergio\source\repos\mastermind\mastermindproj\mastermindproj\x64\debug\startgamecommand.obj
c:\users\sergio\source\repos\mastermind\mastermindproj\mastermindproj\x64\debug\loadgamecommand.obj
c:\users\sergio\source\repos\mastermind\mastermindproj\mastermindproj\x64\debug\exitcommand.obj
c:\users\sergio\source\repos\mastermind\mastermindproj\mastermindproj\x64\debug\menuview.obj
c:\users\sergio\source\repos\mastermind\mastermindproj\mastermindproj\x64\debug\mastermindview.obj
c:\users\sergio\source\repos\mastermind\mastermindproj\mastermindproj\x64\debug\colorview.obj
c:\users\sergio\source\repos\mastermind\mastermindproj\mastermindproj\x64\debug\mastermindproj.tlog\cl.command.1.tlog
c:\users\sergio\source\repos\mastermind\mastermindproj\mastermindproj\x64\debug\mastermindproj.tlog\cl.read.1.tlog
c:\users\sergio\source\repos\mastermind\mastermindproj\mastermindproj\x64\debug\mastermindproj.tlog\cl.write.1.tlog
